<?xml version="1.0" encoding="UTF-8"?>
<testsuite name="com.karlnosworthy.poijoi.io.ods.ODSSpreadsheetReaderTest" tests="3" skipped="0" failures="0" errors="0" timestamp="2014-12-23T23:54:03" hostname="Karls-MacBook-Pro.local" time="0.933">
  <properties/>
  <testcase name="testColumnTypes" classname="com.karlnosworthy.poijoi.io.ods.ODSSpreadsheetReaderTest" time="0.864"/>
  <testcase name="testColumnHeaders" classname="com.karlnosworthy.poijoi.io.ods.ODSSpreadsheetReaderTest" time="0.034"/>
  <testcase name="testColumnValues" classname="com.karlnosworthy.poijoi.io.ods.ODSSpreadsheetReaderTest" time="0.033"/>
  <system-out><![CDATA[]]></system-out>
  <system-err><![CDATA[]]></system-err>
</testsuite>
