<?xml version="1.0" encoding="UTF-8"?>
<testsuite name="com.karlnosworthy.poijoi.io.ods.ODSSpreadsheetReaderTest" tests="3" skipped="0" failures="0" errors="0" timestamp="2014-12-27T18:28:13" hostname="Karls-MacBook-Pro.local" time="1.007">
  <properties/>
  <testcase name="testColumnTypes" classname="com.karlnosworthy.poijoi.io.ods.ODSSpreadsheetReaderTest" time="0.943"/>
  <testcase name="testColumnHeaders" classname="com.karlnosworthy.poijoi.io.ods.ODSSpreadsheetReaderTest" time="0.031"/>
  <testcase name="testColumnValues" classname="com.karlnosworthy.poijoi.io.ods.ODSSpreadsheetReaderTest" time="0.031"/>
  <system-out><![CDATA[]]></system-out>
  <system-err><![CDATA[]]></system-err>
</testsuite>
